<?xml version="1.0" encoding="UTF-8"?>
<testng-results ignored="2" total="4" passed="2" failed="0" skipped="0">
  <reporter-output>
  </reporter-output>
  <suite started-at="2024-12-23T08:58:32Z" name="Suite" finished-at="2024-12-23T08:58:32Z" duration-ms="34">
    <groups>
      <group name="regression">
        <method signature="MultipleTCExample.TC_04()[pri:0, instance:testng.MultipleTCExample@1700915]" name="TC_04" class="testng.MultipleTCExample"/>
        <method signature="OneTCExample.TC_01()[pri:0, instance:testng.OneTCExample@48ae9b55]" name="TC_01" class="testng.OneTCExample"/>
      </group> <!-- regression -->
      <group name="smoke">
        <method signature="OneTCExample.TC_01()[pri:0, instance:testng.OneTCExample@48ae9b55]" name="TC_01" class="testng.OneTCExample"/>
      </group> <!-- smoke -->
    </groups>
    <test started-at="2024-12-23T08:58:32Z" name="Test" finished-at="2024-12-23T08:58:32Z" duration-ms="34">
      <class name="testng.OneTCExample">
        <test-method signature="TC_01()[pri:0, instance:testng.OneTCExample@48ae9b55]" started-at="2024-12-23T08:58:32Z" name="TC_01" finished-at="2024-12-23T08:58:32Z" duration-ms="11" status="PASS">
          <reporter-output>
          </reporter-output>
        </test-method> <!-- TC_01 -->
      </class> <!-- testng.OneTCExample -->
      <class name="testng.MultipleTCExample">
        <test-method signature="TC_04()[pri:0, instance:testng.MultipleTCExample@1700915]" started-at="2024-12-23T08:58:32Z" name="TC_04" finished-at="2024-12-23T08:58:32Z" duration-ms="2" status="PASS">
          <reporter-output>
          </reporter-output>
        </test-method> <!-- TC_04 -->
      </class> <!-- testng.MultipleTCExample -->
    </test> <!-- Test -->
  </suite> <!-- Suite -->
</testng-results>
