<?xml version="1.0" encoding="UTF-8"?>
<!-- Generated by org.testng.reporters.JUnitXMLReporter -->
<testsuite ignored="2" hostname="SAQUIB-AFROZ-PC" failures="0" tests="2" name="Test" time="0.034" errors="0" timestamp="23 Dec 2024 08:58:33 GMT">
  <testcase classname="testng.OneTCExample" name="TC_01" time="0.011"/>
  <testcase classname="testng.MultipleTCExample" name="TC_04" time="0.002"/>
  <testcase classname="testng.MultipleTCExample" name="TC_02" time="0.0">
    <ignored/>
  </testcase> <!-- TC_02 -->
  <testcase classname="testng.MultipleTCExample" name="TC_03" time="0.0">
    <ignored/>
  </testcase> <!-- TC_03 -->
</testsuite> <!-- Test -->
