<?xml version="1.0" encoding="UTF-8"?>
<!-- Generated by org.testng.reporters.JUnitXMLReporter -->
<testsuite ignored="4" hostname="SAQUIB-AFROZ-PC" failures="0" tests="4" name="Default test" time="0.119" errors="0" timestamp="21 Dec 2024 15:13:53 GMT">
  <testcase classname="testng.OneTCExample" name="TC_01" time="0.016"/>
  <testcase classname="testng.MultipleTCExample" name="TC_04" time="0.003"/>
  <testcase classname="testng.MultipleTCExample" name="TC_02" time="0.004"/>
  <testcase classname="testng.MultipleTCExample" name="TC_03" time="0.001"/>
  <testcase classname="testng.BaseClass" name="@BeforeTest method3" time="0.0">
    <ignored/>
  </testcase> <!-- @BeforeTest method3 -->
  <testcase classname="testng.BaseClass" name="@BeforeTest method3" time="0.0">
    <ignored/>
  </testcase> <!-- @BeforeTest method3 -->
  <testcase classname="testng.BaseClass" name="@AfterTest method4" time="0.0">
    <ignored/>
  </testcase> <!-- @AfterTest method4 -->
  <testcase classname="testng.BaseClass" name="@AfterTest method4" time="0.0">
    <ignored/>
  </testcase> <!-- @AfterTest method4 -->
</testsuite> <!-- Default test -->
